<?xml version="1.0" encoding="UTF-8"?>
<testng-results ignored="0" total="1" passed="1" failed="0" skipped="0">
  <reporter-output>
  </reporter-output>
  <suite started-at="2023-05-12T21:28:30 BST" name="Data Driven Basics" finished-at="2023-05-12T21:28:33 BST" duration-ms="3242">
    <groups>
    </groups>
    <test started-at="2023-05-12T21:28:30 BST" name="LoginTest" finished-at="2023-05-12T21:28:33 BST" duration-ms="3242">
      <class name="com.w2a.testcases.LoginTest">
        <test-method is-config="true" signature="setUp()[pri:0, instance:com.w2a.testcases.LoginTest@31190526]" started-at="2023-05-12T21:28:25 BST" name="setUp" finished-at="2023-05-12T21:28:30 BST" duration-ms="4401" status="PASS">
          <reporter-output>
          </reporter-output>
        </test-method> <!-- setUp -->
        <test-method signature="loginAsBankManager()[pri:0, instance:com.w2a.testcases.LoginTest@31190526]" started-at="2023-05-12T21:28:30 BST" name="loginAsBankManager" finished-at="2023-05-12T21:28:33 BST" duration-ms="3183" status="PASS">
          <reporter-output>
          </reporter-output>
        </test-method> <!-- loginAsBankManager -->
        <test-method is-config="true" signature="tearDown()[pri:0, instance:com.w2a.testcases.LoginTest@31190526]" started-at="2023-05-12T21:28:33 BST" name="tearDown" finished-at="2023-05-12T21:28:33 BST" duration-ms="538" status="PASS">
          <reporter-output>
          </reporter-output>
        </test-method> <!-- tearDown -->
      </class> <!-- com.w2a.testcases.LoginTest -->
    </test> <!-- LoginTest -->
  </suite> <!-- Data Driven Basics -->
</testng-results>
