<?xml version="1.0" encoding="UTF-8"?>
<testng-results ignored="0" total="2" passed="2" failed="0" skipped="0">
  <reporter-output>
  </reporter-output>
  <suite started-at="2023-05-17T16:36:16 BST" name="Data Driven Basics" finished-at="2023-05-17T16:36:20 BST" duration-ms="4365">
    <groups>
    </groups>
    <test started-at="2023-05-17T16:36:16 BST" name="Bank Manager Login Test" finished-at="2023-05-17T16:36:19 BST" duration-ms="3444">
      <class name="com.w2a.testcases.BankManagerLoginTest">
        <test-method signature="loginAsBankManager()[pri:0, instance:com.w2a.testcases.BankManagerLoginTest@5c87bfe2]" started-at="2023-05-17T16:36:16 BST" name="loginAsBankManager" finished-at="2023-05-17T16:36:19 BST" duration-ms="3333" status="PASS">
          <reporter-output>
          </reporter-output>
        </test-method> <!-- loginAsBankManager -->
      </class> <!-- com.w2a.testcases.BankManagerLoginTest -->
    </test> <!-- Bank Manager Login Test -->
    <test started-at="2023-05-17T16:36:19 BST" name="Add Customer Test" finished-at="2023-05-17T16:36:20 BST" duration-ms="892">
      <class name="com.w2a.testcases.AddCustomerTest">
        <test-method is-config="true" signature="setUp()[pri:0, instance:com.w2a.testcases.AddCustomerTest@24d4d7c9]" started-at="2023-05-17T16:36:12 BST" name="setUp" finished-at="2023-05-17T16:36:16 BST" duration-ms="4100" status="PASS">
          <reporter-output>
          </reporter-output>
        </test-method> <!-- setUp -->
        <test-method signature="addCustomer(java.lang.String,java.lang.String,java.lang.String,java.lang.String)[pri:0, instance:com.w2a.testcases.AddCustomerTest@24d4d7c9]" started-at="2023-05-17T16:36:19 BST" name="addCustomer" data-provider="getData" finished-at="2023-05-17T16:36:20 BST" duration-ms="858" status="PASS">
          <params>
            <param index="0">
              <value>
                <![CDATA[john]]>
              </value>
            </param>
            <param index="1">
              <value>
                <![CDATA[xyz]]>
              </value>
            </param>
            <param index="2">
              <value>
                <![CDATA[A234wd]]>
              </value>
            </param>
            <param index="3">
              <value>
                <![CDATA[Customer added successfully ]]>
              </value>
            </param>
          </params>
          <reporter-output>
          </reporter-output>
        </test-method> <!-- addCustomer -->
        <test-method is-config="true" signature="tearDown()[pri:0, instance:com.w2a.testcases.AddCustomerTest@24d4d7c9]" started-at="2023-05-17T16:36:20 BST" name="tearDown" finished-at="2023-05-17T16:36:21 BST" duration-ms="550" status="PASS">
          <reporter-output>
          </reporter-output>
        </test-method> <!-- tearDown -->
      </class> <!-- com.w2a.testcases.AddCustomerTest -->
    </test> <!-- Add Customer Test -->
  </suite> <!-- Data Driven Basics -->
</testng-results>
